# JRE version: OpenJDK Runtime Environment (21.0.1+12) (build 21.0.1+12-29)
# Java VM: OpenJDK 64-Bit Server VM (21.0.1+12-29, mixed mode, sharing, tiered, compressed oops, compressed class ptrs, g1 gc, bsd-aarch64)
Heap:
 garbage-first heap   total 133120K, used 93563K [0x0000000780000000, 0x0000000800000000)
  region size 1024K, 75 young (76800K), 1 survivors (1024K)
 Metaspace       used 7161K, committed 7360K, reserved 1114112K
  class space    used 768K, committed 896K, reserved 1048576K
GC Heap History (20 events):
Event: 12626.615 GC heap before
{Heap before GC invocations=14 (full 0):
 garbage-first heap   total 133120K, used 93484K [0x0000000780000000, 0x0000000800000000)
  region size 1024K, 76 young (77824K), 2 survivors (2048K)
 Metaspace       used 7156K, committed 7360K, reserved 1114112K
  class space    used 768K, committed 896K, reserved 1048576K
}
Event: 12626.626 GC heap after
{Heap after GC invocations=15 (full 0):
 garbage-first heap   total 133120K, used 17708K [0x0000000780000000, 0x0000000800000000)
  region size 1024K, 2 young (2048K), 2 survivors (2048K)
 Metaspace       used 7156K, committed 7360K, reserved 1114112K
  class space    used 768K, committed 896K, reserved 1048576K
}
Event: 13580.670 GC heap before
{Heap before GC invocations=15 (full 0):
 garbage-first heap   total 133120K, used 93484K [0x0000000780000000, 0x0000000800000000)
  region size 1024K, 76 young (77824K), 2 survivors (2048K)
 Metaspace       used 7156K, committed 7360K, reserved 1114112K
  class space    used 768K, committed 896K, reserved 1048576K
}
Event: 13580.687 GC heap after
{Heap after GC invocations=16 (full 0):
 garbage-first heap   total 133120K, used 17884K [0x0000000780000000, 0x0000000800000000)
  region size 1024K, 1 young (1024K), 1 survivors (1024K)
 Metaspace       used 7156K, committed 7360K, reserved 1114112K
  class space    used 768K, committed 896K, reserved 1048576K
}
Event: 14549.740 GC heap before
{Heap before GC invocations=16 (full 0):
 garbage-first heap   total 133120K, used 94684K [0x0000000780000000, 0x0000000800000000)
  region size 1024K, 76 young (77824K), 1 survivors (1024K)
 Metaspace       used 7157K, committed 7360K, reserved 1114112K
  class space    used 768K, committed 896K, reserved 1048576K
}
Event: 14549.747 GC heap after
{Heap after GC invocations=17 (full 0):
 garbage-first heap   total 133120K, used 17821K [0x0000000780000000, 0x0000000800000000)
  region size 1024K, 1 young (1024K), 1 survivors (1024K)
 Metaspace       used 7157K, committed 7360K, reserved 1114112K
  class space    used 768K, committed 896K, reserved 1048576K
}
Event: 15505.804 GC heap before
{Heap before GC invocations=17 (full 0):
 garbage-first heap   total 133120K, used 94621K [0x0000000780000000, 0x0000000800000000)
  region size 1024K, 76 young (77824K), 1 survivors (1024K)
 Metaspace       used 7161K, committed 7360K, reserved 1114112K
  class space    used 768K, committed 896K, reserved 1048576K
}
Event: 15505.811 GC heap after
{Heap after GC invocations=18 (full 0):
 garbage-first heap   total 133120K, used 17789K [0x0000000780000000, 0x0000000800000000)
  region size 1024K, 1 young (1024K), 1 survivors (1024K)
 Metaspace       used 7161K, committed 7360K, reserved 1114112K
  class space    used 768K, committed 896K, reserved 1048576K
}
Event: 16462.372 GC heap before
{Heap before GC invocations=18 (full 0):
 garbage-first heap   total 133120K, used 94589K [0x0000000780000000, 0x0000000800000000)
  region size 1024K, 76 young (77824K), 1 survivors (1024K)
 Metaspace       used 7161K, committed 7360K, reserved 1114112K
  class space    used 768K, committed 896K, reserved 1048576K
}
Event: 16462.381 GC heap after
{Heap after GC invocations=19 (full 0):
 garbage-first heap   total 133120K, used 17787K [0x0000000780000000, 0x0000000800000000)
  region size 1024K, 1 young (1024K), 1 survivors (1024K)
 Metaspace       used 7161K, committed 7360K, reserved 1114112K
  class space    used 768K, committed 896K, reserved 1048576K
}
Event: 17416.922 GC heap before
{Heap before GC invocations=19 (full 0):
 garbage-first heap   total 133120K, used 94587K [0x0000000780000000, 0x0000000800000000)
  region size 1024K, 76 young (77824K), 1 survivors (1024K)
 Metaspace       used 7161K, committed 7360K, reserved 1114112K
  class space    used 768K, committed 896K, reserved 1048576K
}
Event: 17416.928 GC heap after
{Heap after GC invocations=20 (full 0):
 garbage-first heap   total 133120K, used 17791K [0x0000000780000000, 0x0000000800000000)
  region size 1024K, 1 young (1024K), 1 survivors (1024K)
 Metaspace       used 7161K, committed 7360K, reserved 1114112K
  class space    used 768K, committed 896K, reserved 1048576K
}
Event: 18385.344 GC heap before
{Heap before GC invocations=20 (full 0):
 garbage-first heap   total 133120K, used 94591K [0x0000000780000000, 0x0000000800000000)
  region size 1024K, 76 young (77824K), 1 survivors (1024K)
 Metaspace       used 7161K, committed 7360K, reserved 1114112K
  class space    used 768K, committed 896K, reserved 1048576K
}
Event: 18385.352 GC heap after
{Heap after GC invocations=21 (full 0):
 garbage-first heap   total 133120K, used 17789K [0x0000000780000000, 0x0000000800000000)
  region size 1024K, 1 young (1024K), 1 survivors (1024K)
 Metaspace       used 7161K, committed 7360K, reserved 1114112K
  class space    used 768K, committed 896K, reserved 1048576K
}
Event: 19357.641 GC heap before
{Heap before GC invocations=21 (full 0):
 garbage-first heap   total 133120K, used 94589K [0x0000000780000000, 0x0000000800000000)
  region size 1024K, 76 young (77824K), 1 survivors (1024K)
 Metaspace       used 7161K, committed 7360K, reserved 1114112K
  class space    used 768K, committed 896K, reserved 1048576K
}
Event: 19357.649 GC heap after
{Heap after GC invocations=22 (full 0):
 garbage-first heap   total 133120K, used 17785K [0x0000000780000000, 0x0000000800000000)
  region size 1024K, 1 young (1024K), 1 survivors (1024K)
 Metaspace       used 7161K, committed 7360K, reserved 1114112K
  class space    used 768K, committed 896K, reserved 1048576K
}
Event: 20356.303 GC heap before
{Heap before GC invocations=22 (full 0):
 garbage-first heap   total 133120K, used 94585K [0x0000000780000000, 0x0000000800000000)
  region size 1024K, 76 young (77824K), 1 survivors (1024K)
 Metaspace       used 7161K, committed 7360K, reserved 1114112K
  class space    used 768K, committed 896K, reserved 1048576K
}
Event: 20356.309 GC heap after
{Heap after GC invocations=23 (full 0):
 garbage-first heap   total 133120K, used 17785K [0x0000000780000000, 0x0000000800000000)
  region size 1024K, 1 young (1024K), 1 survivors (1024K)
 Metaspace       used 7161K, committed 7360K, reserved 1114112K
  class space    used 768K, committed 896K, reserved 1048576K
}
Event: 21268.072 GC heap before
{Heap before GC invocations=23 (full 0):
 garbage-first heap   total 133120K, used 94585K [0x0000000780000000, 0x0000000800000000)
  region size 1024K, 76 young (77824K), 1 survivors (1024K)
 Metaspace       used 7161K, committed 7360K, reserved 1114112K
  class space    used 768K, committed 896K, reserved 1048576K
}
Event: 21268.082 GC heap after
{Heap after GC invocations=24 (full 0):
 garbage-first heap   total 133120K, used 17787K [0x0000000780000000, 0x0000000800000000)
  region size 1024K, 1 young (1024K), 1 survivors (1024K)
 Metaspace       used 7161K, committed 7360K, reserved 1114112K
  class space    used 768K, committed 896K, reserved 1048576K
}

